{"C:\\wamp64\\www\\shiny-agency\\src\\index.jsx": {"path":"C:\\wamp64\\www\\shiny-agency\\src\\index.jsx","statementMap":{"0":{"start":{"line":23,"column":13},"end":{"line":23,"column":65}},"1":{"start":{"line":24,"column":0},"end":{"line":43,"column":2}},"2":{"start":{"line":48,"column":0},"end":{"line":48,"column":18}}},"fnMap":{},"branchMap":{},"s":{"0":0,"1":0,"2":0},"f":{},"b":{}}
,"C:\\wamp64\\www\\shiny-agency\\src\\components\\Card\\Card.jsx": {"path":"C:\\wamp64\\www\\shiny-agency\\src\\components\\Card\\Card.jsx","statementMap":{"0":{"start":{"line":4,"column":4},"end":{"line":10,"column":5}}},"fnMap":{"0":{"name":"Card","decl":{"start":{"line":3,"column":9},"end":{"line":3,"column":13}},"loc":{"start":{"line":3,"column":41},"end":{"line":11,"column":1}},"line":3}},"branchMap":{},"s":{"0":0},"f":{"0":0},"b":{}}
,"C:\\wamp64\\www\\shiny-agency\\src\\components\\Error\\Error.jsx": {"path":"C:\\wamp64\\www\\shiny-agency\\src\\components\\Error\\Error.jsx","statementMap":{"0":{"start":{"line":4,"column":4},"end":{"line":10,"column":5}}},"fnMap":{"0":{"name":"Error","decl":{"start":{"line":3,"column":9},"end":{"line":3,"column":14}},"loc":{"start":{"line":3,"column":17},"end":{"line":11,"column":1}},"line":3}},"branchMap":{},"s":{"0":0},"f":{"0":0},"b":{}}
,"C:\\wamp64\\www\\shiny-agency\\src\\components\\Footer\\Footer.jsx": {"path":"C:\\wamp64\\www\\shiny-agency\\src\\components\\Footer\\Footer.jsx","statementMap":{"0":{"start":{"line":10,"column":35},"end":{"line":10,"column":59}},"1":{"start":{"line":12,"column":4},"end":{"line":18,"column":5}},"2":{"start":{"line":15,"column":80},"end":{"line":15,"column":93}}},"fnMap":{"0":{"name":"Footer","decl":{"start":{"line":5,"column":9},"end":{"line":5,"column":15}},"loc":{"start":{"line":5,"column":18},"end":{"line":19,"column":1}},"line":5},"1":{"name":"(anonymous_1)","decl":{"start":{"line":15,"column":74},"end":{"line":15,"column":75}},"loc":{"start":{"line":15,"column":80},"end":{"line":15,"column":93}},"line":15}},"branchMap":{"0":{"loc":{"start":{"line":15,"column":112},"end":{"line":15,"column":143}},"type":"cond-expr","locations":[{"start":{"line":15,"column":132},"end":{"line":15,"column":136}},{"start":{"line":15,"column":139},"end":{"line":15,"column":143}}],"line":15}},"s":{"0":2,"1":2,"2":1},"f":{"0":2,"1":1},"b":{"0":[1,1]},"_coverageSchema":"1a1c01bbd47fc00a2c39e90264f33305004495a9","hash":"395f55325ef6a5989bcd26af44ed82576b6da075"}
,"C:\\wamp64\\www\\shiny-agency\\src\\components\\Header\\Header.jsx": {"path":"C:\\wamp64\\www\\shiny-agency\\src\\components\\Header\\Header.jsx","statementMap":{"0":{"start":{"line":7,"column":21},"end":{"line":7,"column":51}},"1":{"start":{"line":9,"column":8},"end":{"line":15,"column":9}},"2":{"start":{"line":10,"column":12},"end":{"line":14,"column":13}},"3":{"start":{"line":11,"column":16},"end":{"line":11,"column":48}},"4":{"start":{"line":13,"column":16},"end":{"line":13,"column":49}},"5":{"start":{"line":18,"column":4},"end":{"line":27,"column":5}},"6":{"start":{"line":22,"column":43},"end":{"line":22,"column":64}},"7":{"start":{"line":23,"column":70},"end":{"line":23,"column":91}},"8":{"start":{"line":24,"column":90},"end":{"line":24,"column":111}}},"fnMap":{"0":{"name":"Header","decl":{"start":{"line":5,"column":9},"end":{"line":5,"column":15}},"loc":{"start":{"line":5,"column":18},"end":{"line":28,"column":1}},"line":5},"1":{"name":"changeColor","decl":{"start":{"line":6,"column":13},"end":{"line":6,"column":24}},"loc":{"start":{"line":6,"column":33},"end":{"line":16,"column":5}},"line":6},"2":{"name":"(anonymous_2)","decl":{"start":{"line":22,"column":38},"end":{"line":22,"column":39}},"loc":{"start":{"line":22,"column":43},"end":{"line":22,"column":64}},"line":22},"3":{"name":"(anonymous_3)","decl":{"start":{"line":23,"column":65},"end":{"line":23,"column":66}},"loc":{"start":{"line":23,"column":70},"end":{"line":23,"column":91}},"line":23},"4":{"name":"(anonymous_4)","decl":{"start":{"line":24,"column":85},"end":{"line":24,"column":86}},"loc":{"start":{"line":24,"column":90},"end":{"line":24,"column":111}},"line":24}},"branchMap":{"0":{"loc":{"start":{"line":10,"column":12},"end":{"line":14,"column":13}},"type":"if","locations":[{"start":{"line":10,"column":12},"end":{"line":14,"column":13}},{"start":{"line":12,"column":19},"end":{"line":14,"column":13}}],"line":10}},"s":{"0":0,"1":0,"2":0,"3":0,"4":0,"5":0,"6":0,"7":0,"8":0},"f":{"0":0,"1":0,"2":0,"3":0,"4":0},"b":{"0":[0,0]}}
,"C:\\wamp64\\www\\shiny-agency\\src\\pages\\Freelances\\Freelances.jsx": {"path":"C:\\wamp64\\www\\shiny-agency\\src\\pages\\Freelances\\Freelances.jsx","statementMap":{"0":{"start":{"line":7,"column":39},"end":{"line":7,"column":83}},"1":{"start":{"line":8,"column":32},"end":{"line":8,"column":36}},"2":{"start":{"line":10,"column":4},"end":{"line":20,"column":5}},"3":{"start":{"line":11,"column":8},"end":{"line":19,"column":9}},"4":{"start":{"line":46,"column":4},"end":{"line":70,"column":5}},"5":{"start":{"line":60,"column":24},"end":{"line":65,"column":26}}},"fnMap":{"0":{"name":"Freelances","decl":{"start":{"line":6,"column":9},"end":{"line":6,"column":19}},"loc":{"start":{"line":6,"column":22},"end":{"line":71,"column":1}},"line":6},"1":{"name":"(anonymous_1)","decl":{"start":{"line":59,"column":60},"end":{"line":59,"column":61}},"loc":{"start":{"line":60,"column":24},"end":{"line":65,"column":26}},"line":60}},"branchMap":{"0":{"loc":{"start":{"line":10,"column":4},"end":{"line":20,"column":5}},"type":"if","locations":[{"start":{"line":10,"column":4},"end":{"line":20,"column":5}},{"start":{},"end":{}}],"line":10},"1":{"loc":{"start":{"line":53,"column":13},"end":{"line":68,"column":13}},"type":"cond-expr","locations":[{"start":{"line":54,"column":16},"end":{"line":56,"column":22}},{"start":{"line":58,"column":16},"end":{"line":67,"column":22}}],"line":53},"2":{"loc":{"start":{"line":59,"column":21},"end":{"line":66,"column":22}},"type":"binary-expr","locations":[{"start":{"line":59,"column":21},"end":{"line":59,"column":36}},{"start":{"line":59,"column":40},"end":{"line":66,"column":22}}],"line":59}},"s":{"0":0,"1":0,"2":0,"3":0,"4":0,"5":0},"f":{"0":0,"1":0},"b":{"0":[0,0],"1":[0,0],"2":[0,0]}}
,"C:\\wamp64\\www\\shiny-agency\\src\\pages\\Home\\Home.jsx": {"path":"C:\\wamp64\\www\\shiny-agency\\src\\pages\\Home\\Home.jsx","statementMap":{"0":{"start":{"line":5,"column":3},"end":{"line":14,"column":5}}},"fnMap":{"0":{"name":"Home","decl":{"start":{"line":4,"column":9},"end":{"line":4,"column":13}},"loc":{"start":{"line":4,"column":16},"end":{"line":15,"column":1}},"line":4}},"branchMap":{},"s":{"0":1},"f":{"0":1},"b":{},"_coverageSchema":"1a1c01bbd47fc00a2c39e90264f33305004495a9","hash":"26654fee06fc7b304af89bcc51b4644bf6a2cfab"}
,"C:\\wamp64\\www\\shiny-agency\\src\\pages\\Results\\Results.jsx": {"path":"C:\\wamp64\\www\\shiny-agency\\src\\pages\\Results\\Results.jsx","statementMap":{"0":{"start":{"line":9,"column":4},"end":{"line":11,"column":5}},"1":{"start":{"line":10,"column":8},"end":{"line":10,"column":20}},"2":{"start":{"line":12,"column":4},"end":{"line":12,"column":22}},"3":{"start":{"line":17,"column":26},"end":{"line":17,"column":46}},"4":{"start":{"line":23,"column":4},"end":{"line":28,"column":10}},"5":{"start":{"line":24,"column":29},"end":{"line":24,"column":40}},"6":{"start":{"line":25,"column":26},"end":{"line":25,"column":49}},"7":{"start":{"line":27,"column":8},"end":{"line":27,"column":87}},"8":{"start":{"line":32,"column":24},"end":{"line":32,"column":49}},"9":{"start":{"line":33,"column":24},"end":{"line":33,"column":50}},"10":{"start":{"line":34,"column":39},"end":{"line":34,"column":95}},"11":{"start":{"line":35,"column":28},"end":{"line":35,"column":32}},"12":{"start":{"line":37,"column":4},"end":{"line":47,"column":5}},"13":{"start":{"line":38,"column":8},"end":{"line":46,"column":9}},"14":{"start":{"line":49,"column":4},"end":{"line":76,"column":5}},"15":{"start":{"line":60,"column":20},"end":{"line":60,"column":94}},"16":{"start":{"line":68,"column":16},"end":{"line":73,"column":22}}},"fnMap":{"0":{"name":"formatJobList","decl":{"start":{"line":8,"column":16},"end":{"line":8,"column":29}},"loc":{"start":{"line":8,"column":56},"end":{"line":13,"column":1}},"line":8},"1":{"name":"formatFetchParams","decl":{"start":{"line":16,"column":16},"end":{"line":16,"column":33}},"loc":{"start":{"line":16,"column":43},"end":{"line":29,"column":1}},"line":16},"2":{"name":"(anonymous_2)","decl":{"start":{"line":23,"column":32},"end":{"line":23,"column":33}},"loc":{"start":{"line":23,"column":73},"end":{"line":28,"column":5}},"line":23},"3":{"name":"Results","decl":{"start":{"line":31,"column":9},"end":{"line":31,"column":16}},"loc":{"start":{"line":31,"column":19},"end":{"line":77,"column":1}},"line":31},"4":{"name":"(anonymous_4)","decl":{"start":{"line":59,"column":48},"end":{"line":59,"column":49}},"loc":{"start":{"line":60,"column":20},"end":{"line":60,"column":94}},"line":60},"5":{"name":"(anonymous_5)","decl":{"start":{"line":67,"column":44},"end":{"line":67,"column":45}},"loc":{"start":{"line":68,"column":16},"end":{"line":73,"column":22}},"line":68}},"branchMap":{"0":{"loc":{"start":{"line":9,"column":4},"end":{"line":11,"column":5}},"type":"if","locations":[{"start":{"line":9,"column":4},"end":{"line":11,"column":5}},{"start":{},"end":{}}],"line":9},"1":{"loc":{"start":{"line":25,"column":26},"end":{"line":25,"column":49}},"type":"cond-expr","locations":[{"start":{"line":25,"column":41},"end":{"line":25,"column":43}},{"start":{"line":25,"column":46},"end":{"line":25,"column":49}}],"line":25},"2":{"loc":{"start":{"line":37,"column":4},"end":{"line":47,"column":5}},"type":"if","locations":[{"start":{"line":37,"column":4},"end":{"line":47,"column":5}},{"start":{},"end":{}}],"line":37},"3":{"loc":{"start":{"line":49,"column":11},"end":{"line":76,"column":5}},"type":"cond-expr","locations":[{"start":{"line":50,"column":8},"end":{"line":52,"column":14}},{"start":{"line":54,"column":8},"end":{"line":75,"column":14}}],"line":49},"4":{"loc":{"start":{"line":59,"column":17},"end":{"line":61,"column":18}},"type":"binary-expr","locations":[{"start":{"line":59,"column":17},"end":{"line":59,"column":28}},{"start":{"line":59,"column":32},"end":{"line":61,"column":18}}],"line":59},"5":{"loc":{"start":{"line":67,"column":13},"end":{"line":74,"column":14}},"type":"binary-expr","locations":[{"start":{"line":67,"column":13},"end":{"line":67,"column":24}},{"start":{"line":67,"column":28},"end":{"line":74,"column":14}}],"line":67}},"s":{"0":2,"1":1,"2":1,"3":2,"4":2,"5":3,"6":3,"7":3,"8":0,"9":0,"10":0,"11":0,"12":0,"13":0,"14":0,"15":0,"16":0},"f":{"0":2,"1":2,"2":3,"3":0,"4":0,"5":0},"b":{"0":[1,1],"1":[2,1],"2":[0,0],"3":[0,0],"4":[0,0],"5":[0,0]},"_coverageSchema":"1a1c01bbd47fc00a2c39e90264f33305004495a9","hash":"205607bed6737621b1df57f357233a89aa2208bf"}
,"C:\\wamp64\\www\\shiny-agency\\src\\pages\\Survey\\Survey.jsx": {"path":"C:\\wamp64\\www\\shiny-agency\\src\\pages\\Survey\\Survey.jsx","statementMap":{"0":{"start":{"line":10,"column":31},"end":{"line":10,"column":42}},"1":{"start":{"line":11,"column":30},"end":{"line":11,"column":54}},"2":{"start":{"line":13,"column":21},"end":{"line":13,"column":42}},"3":{"start":{"line":14,"column":17},"end":{"line":14,"column":38}},"4":{"start":{"line":17,"column":39},"end":{"line":17,"column":79}},"5":{"start":{"line":21,"column":27},"end":{"line":21,"column":31}},"6":{"start":{"line":24,"column":39},"end":{"line":24,"column":64}},"7":{"start":{"line":25,"column":22},"end":{"line":25,"column":46}},"8":{"start":{"line":32,"column":8},"end":{"line":32,"column":25}},"9":{"start":{"line":37,"column":8},"end":{"line":37,"column":54}},"10":{"start":{"line":47,"column":4},"end":{"line":57,"column":5}},"11":{"start":{"line":48,"column":8},"end":{"line":56,"column":9}},"12":{"start":{"line":59,"column":4},"end":{"line":93,"column":5}},"13":{"start":{"line":72,"column":32},"end":{"line":72,"column":50}},"14":{"start":{"line":78,"column":32},"end":{"line":78,"column":51}}},"fnMap":{"0":{"name":"Survey","decl":{"start":{"line":8,"column":9},"end":{"line":8,"column":15}},"loc":{"start":{"line":8,"column":18},"end":{"line":94,"column":1}},"line":8},"1":{"name":"initSurvey","decl":{"start":{"line":31,"column":13},"end":{"line":31,"column":23}},"loc":{"start":{"line":31,"column":26},"end":{"line":33,"column":5}},"line":31},"2":{"name":"saveReply","decl":{"start":{"line":36,"column":13},"end":{"line":36,"column":22}},"loc":{"start":{"line":36,"column":38},"end":{"line":45,"column":5}},"line":36},"3":{"name":"(anonymous_3)","decl":{"start":{"line":72,"column":25},"end":{"line":72,"column":26}},"loc":{"start":{"line":72,"column":32},"end":{"line":72,"column":50}},"line":72},"4":{"name":"(anonymous_4)","decl":{"start":{"line":78,"column":25},"end":{"line":78,"column":26}},"loc":{"start":{"line":78,"column":32},"end":{"line":78,"column":51}},"line":78}},"branchMap":{"0":{"loc":{"start":{"line":47,"column":4},"end":{"line":57,"column":5}},"type":"if","locations":[{"start":{"line":47,"column":4},"end":{"line":57,"column":5}},{"start":{},"end":{}}],"line":47},"1":{"loc":{"start":{"line":63,"column":13},"end":{"line":67,"column":13}},"type":"cond-expr","locations":[{"start":{"line":64,"column":16},"end":{"line":64,"column":68}},{"start":{"line":66,"column":16},"end":{"line":66,"column":89}}],"line":63},"2":{"loc":{"start":{"line":66,"column":39},"end":{"line":66,"column":82}},"type":"binary-expr","locations":[{"start":{"line":66,"column":39},"end":{"line":66,"column":49}},{"start":{"line":66,"column":53},"end":{"line":66,"column":82}}],"line":66},"3":{"loc":{"start":{"line":86,"column":17},"end":{"line":86,"column":115}},"type":"binary-expr","locations":[{"start":{"line":86,"column":17},"end":{"line":86,"column":40}},{"start":{"line":86,"column":44},"end":{"line":86,"column":115}}],"line":86},"4":{"loc":{"start":{"line":87,"column":17},"end":{"line":87,"column":133}},"type":"binary-expr","locations":[{"start":{"line":87,"column":17},"end":{"line":87,"column":27}},{"start":{"line":87,"column":31},"end":{"line":87,"column":64}},{"start":{"line":87,"column":68},"end":{"line":87,"column":133}}],"line":87},"5":{"loc":{"start":{"line":88,"column":17},"end":{"line":88,"column":129}},"type":"binary-expr","locations":[{"start":{"line":88,"column":17},"end":{"line":88,"column":27}},{"start":{"line":88,"column":31},"end":{"line":88,"column":67}},{"start":{"line":88,"column":71},"end":{"line":88,"column":129}}],"line":88}},"s":{"0":0,"1":0,"2":0,"3":0,"4":0,"5":0,"6":0,"7":0,"8":0,"9":0,"10":0,"11":0,"12":0,"13":0,"14":0},"f":{"0":0,"1":0,"2":0,"3":0,"4":0},"b":{"0":[0,0],"1":[0,0],"2":[0,0],"3":[0,0],"4":[0,0,0],"5":[0,0,0]}}
,"C:\\wamp64\\www\\shiny-agency\\src\\styles\\DynamicStyle.jsx": {"path":"C:\\wamp64\\www\\shiny-agency\\src\\styles\\DynamicStyle.jsx","statementMap":{"0":{"start":{"line":6,"column":27},"end":{"line":21,"column":1}},"1":{"start":{"line":11,"column":12},"end":{"line":11,"column":44}},"2":{"start":{"line":14,"column":12},"end":{"line":14,"column":42}},"3":{"start":{"line":19,"column":12},"end":{"line":19,"column":46}},"4":{"start":{"line":28,"column":22},"end":{"line":28,"column":46}},"5":{"start":{"line":31,"column":4},"end":{"line":31,"column":63}}},"fnMap":{"0":{"name":"(anonymous_0)","decl":{"start":{"line":10,"column":28},"end":{"line":10,"column":29}},"loc":{"start":{"line":11,"column":12},"end":{"line":11,"column":44}},"line":11},"1":{"name":"(anonymous_1)","decl":{"start":{"line":13,"column":17},"end":{"line":13,"column":18}},"loc":{"start":{"line":14,"column":12},"end":{"line":14,"column":42}},"line":14},"2":{"name":"(anonymous_2)","decl":{"start":{"line":18,"column":28},"end":{"line":18,"column":29}},"loc":{"start":{"line":19,"column":12},"end":{"line":19,"column":46}},"line":19},"3":{"name":"DynamicStyle","decl":{"start":{"line":23,"column":9},"end":{"line":23,"column":21}},"loc":{"start":{"line":23,"column":24},"end":{"line":32,"column":1}},"line":23}},"branchMap":{"0":{"loc":{"start":{"line":11,"column":12},"end":{"line":11,"column":44}},"type":"cond-expr","locations":[{"start":{"line":11,"column":25},"end":{"line":11,"column":34}},{"start":{"line":11,"column":37},"end":{"line":11,"column":44}}],"line":11},"1":{"loc":{"start":{"line":14,"column":12},"end":{"line":14,"column":42}},"type":"cond-expr","locations":[{"start":{"line":14,"column":25},"end":{"line":14,"column":32}},{"start":{"line":14,"column":35},"end":{"line":14,"column":42}}],"line":14},"2":{"loc":{"start":{"line":19,"column":12},"end":{"line":19,"column":46}},"type":"cond-expr","locations":[{"start":{"line":19,"column":25},"end":{"line":19,"column":34}},{"start":{"line":19,"column":37},"end":{"line":19,"column":46}}],"line":19}},"s":{"0":0,"1":0,"2":0,"3":0,"4":0,"5":0},"f":{"0":0,"1":0,"2":0,"3":0},"b":{"0":[0,0],"1":[0,0],"2":[0,0]}}
,"C:\\wamp64\\www\\shiny-agency\\src\\styles\\button.jsx": {"path":"C:\\wamp64\\www\\shiny-agency\\src\\styles\\button.jsx","statementMap":{"0":{"start":{"line":5,"column":15},"end":{"line":15,"column":1}},"1":{"start":{"line":8,"column":35},"end":{"line":8,"column":186}},"2":{"start":{"line":9,"column":24},"end":{"line":9,"column":147}},"3":{"start":{"line":13,"column":28},"end":{"line":13,"column":151}}},"fnMap":{"0":{"name":"(anonymous_0)","decl":{"start":{"line":8,"column":24},"end":{"line":8,"column":25}},"loc":{"start":{"line":8,"column":35},"end":{"line":8,"column":186}},"line":8},"1":{"name":"(anonymous_1)","decl":{"start":{"line":9,"column":13},"end":{"line":9,"column":14}},"loc":{"start":{"line":9,"column":24},"end":{"line":9,"column":147}},"line":9},"2":{"name":"(anonymous_2)","decl":{"start":{"line":13,"column":17},"end":{"line":13,"column":18}},"loc":{"start":{"line":13,"column":28},"end":{"line":13,"column":151}},"line":13}},"branchMap":{"0":{"loc":{"start":{"line":8,"column":35},"end":{"line":8,"column":186}},"type":"cond-expr","locations":[{"start":{"line":8,"column":55},"end":{"line":8,"column":122}},{"start":{"line":8,"column":127},"end":{"line":8,"column":185}}],"line":8},"1":{"loc":{"start":{"line":8,"column":55},"end":{"line":8,"column":122}},"type":"cond-expr","locations":[{"start":{"line":8,"column":81},"end":{"line":8,"column":99}},{"start":{"line":8,"column":102},"end":{"line":8,"column":122}}],"line":8},"2":{"loc":{"start":{"line":8,"column":127},"end":{"line":8,"column":185}},"type":"cond-expr","locations":[{"start":{"line":8,"column":153},"end":{"line":8,"column":173}},{"start":{"line":8,"column":176},"end":{"line":8,"column":185}}],"line":8},"3":{"loc":{"start":{"line":9,"column":24},"end":{"line":9,"column":147}},"type":"cond-expr","locations":[{"start":{"line":9,"column":44},"end":{"line":9,"column":98}},{"start":{"line":9,"column":103},"end":{"line":9,"column":146}}],"line":9},"4":{"loc":{"start":{"line":9,"column":44},"end":{"line":9,"column":98}},"type":"cond-expr","locations":[{"start":{"line":9,"column":70},"end":{"line":9,"column":77}},{"start":{"line":9,"column":80},"end":{"line":9,"column":98}}],"line":9},"5":{"loc":{"start":{"line":9,"column":103},"end":{"line":9,"column":146}},"type":"cond-expr","locations":[{"start":{"line":9,"column":129},"end":{"line":9,"column":136}},{"start":{"line":9,"column":139},"end":{"line":9,"column":146}}],"line":9},"6":{"loc":{"start":{"line":13,"column":28},"end":{"line":13,"column":151}},"type":"cond-expr","locations":[{"start":{"line":13,"column":48},"end":{"line":13,"column":102}},{"start":{"line":13,"column":107},"end":{"line":13,"column":150}}],"line":13},"7":{"loc":{"start":{"line":13,"column":48},"end":{"line":13,"column":102}},"type":"cond-expr","locations":[{"start":{"line":13,"column":74},"end":{"line":13,"column":81}},{"start":{"line":13,"column":84},"end":{"line":13,"column":102}}],"line":13},"8":{"loc":{"start":{"line":13,"column":107},"end":{"line":13,"column":150}},"type":"cond-expr","locations":[{"start":{"line":13,"column":133},"end":{"line":13,"column":140}},{"start":{"line":13,"column":143},"end":{"line":13,"column":150}}],"line":13}},"s":{"0":0,"1":0,"2":0,"3":0},"f":{"0":0,"1":0,"2":0},"b":{"0":[0,0],"1":[0,0],"2":[0,0],"3":[0,0],"4":[0,0],"5":[0,0],"6":[0,0],"7":[0,0],"8":[0,0]}}
,"C:\\wamp64\\www\\shiny-agency\\src\\styles\\colors.jsx": {"path":"C:\\wamp64\\www\\shiny-agency\\src\\styles\\colors.jsx","statementMap":{"0":{"start":{"line":5,"column":15},"end":{"line":8,"column":1}}},"fnMap":{},"branchMap":{},"s":{"0":0},"f":{},"b":{}}
,"C:\\wamp64\\www\\shiny-agency\\src\\utils\\context\\context.jsx": {"path":"C:\\wamp64\\www\\shiny-agency\\src\\utils\\context\\context.jsx","statementMap":{"0":{"start":{"line":4,"column":28},"end":{"line":4,"column":50}},"1":{"start":{"line":7,"column":29},"end":{"line":18,"column":1}},"2":{"start":{"line":8,"column":30},"end":{"line":8,"column":47}},"3":{"start":{"line":9,"column":24},"end":{"line":11,"column":5}},"4":{"start":{"line":10,"column":8},"end":{"line":10,"column":54}},"5":{"start":{"line":13,"column":4},"end":{"line":17,"column":5}},"6":{"start":{"line":20,"column":29},"end":{"line":20,"column":46}},"7":{"start":{"line":23,"column":30},"end":{"line":38,"column":1}},"8":{"start":{"line":24,"column":34},"end":{"line":24,"column":46}},"9":{"start":{"line":25,"column":26},"end":{"line":31,"column":5}},"10":{"start":{"line":26,"column":8},"end":{"line":30,"column":9}},"11":{"start":{"line":27,"column":12},"end":{"line":27,"column":26}},"12":{"start":{"line":29,"column":12},"end":{"line":29,"column":52}},"13":{"start":{"line":33,"column":4},"end":{"line":37,"column":5}}},"fnMap":{"0":{"name":"(anonymous_0)","decl":{"start":{"line":7,"column":29},"end":{"line":7,"column":30}},"loc":{"start":{"line":7,"column":47},"end":{"line":18,"column":1}},"line":7},"1":{"name":"(anonymous_1)","decl":{"start":{"line":9,"column":24},"end":{"line":9,"column":25}},"loc":{"start":{"line":9,"column":30},"end":{"line":11,"column":5}},"line":9},"2":{"name":"(anonymous_2)","decl":{"start":{"line":23,"column":30},"end":{"line":23,"column":31}},"loc":{"start":{"line":23,"column":48},"end":{"line":38,"column":1}},"line":23},"3":{"name":"(anonymous_3)","decl":{"start":{"line":25,"column":26},"end":{"line":25,"column":27}},"loc":{"start":{"line":25,"column":41},"end":{"line":31,"column":5}},"line":25}},"branchMap":{"0":{"loc":{"start":{"line":10,"column":17},"end":{"line":10,"column":53}},"type":"cond-expr","locations":[{"start":{"line":10,"column":37},"end":{"line":10,"column":43}},{"start":{"line":10,"column":46},"end":{"line":10,"column":53}}],"line":10},"1":{"loc":{"start":{"line":26,"column":8},"end":{"line":30,"column":9}},"type":"if","locations":[{"start":{"line":26,"column":8},"end":{"line":30,"column":9}},{"start":{"line":28,"column":15},"end":{"line":30,"column":9}}],"line":26}},"s":{"0":3,"1":3,"2":3,"3":3,"4":1,"5":3,"6":3,"7":3,"8":0,"9":0,"10":0,"11":0,"12":0,"13":0},"f":{"0":3,"1":1,"2":0,"3":0},"b":{"0":[1,0],"1":[0,0]},"_coverageSchema":"1a1c01bbd47fc00a2c39e90264f33305004495a9","hash":"7ded8acc98a7f11f655ce2e2250531877b5e109b"}
,"C:\\wamp64\\www\\shiny-agency\\src\\utils\\hooks\\hooks.jsx": {"path":"C:\\wamp64\\www\\shiny-agency\\src\\utils\\hooks\\hooks.jsx","statementMap":{"0":{"start":{"line":5,"column":28},"end":{"line":5,"column":40}},"1":{"start":{"line":6,"column":36},"end":{"line":6,"column":51}},"2":{"start":{"line":7,"column":30},"end":{"line":7,"column":45}},"3":{"start":{"line":9,"column":4},"end":{"line":27,"column":13}},"4":{"start":{"line":10,"column":8},"end":{"line":10,"column":24}},"5":{"start":{"line":10,"column":18},"end":{"line":10,"column":24}},"6":{"start":{"line":12,"column":8},"end":{"line":12,"column":24}},"7":{"start":{"line":14,"column":8},"end":{"line":23,"column":14}},"8":{"start":{"line":15,"column":32},"end":{"line":15,"column":47}},"9":{"start":{"line":17,"column":16},"end":{"line":17,"column":29}},"10":{"start":{"line":21,"column":16},"end":{"line":21,"column":34}},"11":{"start":{"line":22,"column":16},"end":{"line":22,"column":30}},"12":{"start":{"line":26,"column":8},"end":{"line":26,"column":50}},"13":{"start":{"line":26,"column":26},"end":{"line":26,"column":43}},"14":{"start":{"line":29,"column":4},"end":{"line":29,"column":35}},"15":{"start":{"line":34,"column":28},"end":{"line":34,"column":40}},"16":{"start":{"line":35,"column":36},"end":{"line":35,"column":51}},"17":{"start":{"line":36,"column":30},"end":{"line":36,"column":45}},"18":{"start":{"line":38,"column":4},"end":{"line":58,"column":13}},"19":{"start":{"line":39,"column":8},"end":{"line":39,"column":24}},"20":{"start":{"line":39,"column":18},"end":{"line":39,"column":24}},"21":{"start":{"line":41,"column":8},"end":{"line":41,"column":24}},"22":{"start":{"line":45,"column":12},"end":{"line":54,"column":13}},"23":{"start":{"line":46,"column":33},"end":{"line":46,"column":49}},"24":{"start":{"line":47,"column":29},"end":{"line":47,"column":50}},"25":{"start":{"line":48,"column":16},"end":{"line":48,"column":29}},"26":{"start":{"line":50,"column":16},"end":{"line":50,"column":32}},"27":{"start":{"line":51,"column":16},"end":{"line":51,"column":30}},"28":{"start":{"line":53,"column":16},"end":{"line":53,"column":33}},"29":{"start":{"line":57,"column":8},"end":{"line":57,"column":19}},"30":{"start":{"line":60,"column":4},"end":{"line":60,"column":37}}},"fnMap":{"0":{"name":"useFetch","decl":{"start":{"line":4,"column":16},"end":{"line":4,"column":24}},"loc":{"start":{"line":4,"column":30},"end":{"line":30,"column":1}},"line":4},"1":{"name":"(anonymous_1)","decl":{"start":{"line":9,"column":14},"end":{"line":9,"column":15}},"loc":{"start":{"line":9,"column":20},"end":{"line":27,"column":5}},"line":9},"2":{"name":"(anonymous_2)","decl":{"start":{"line":15,"column":18},"end":{"line":15,"column":19}},"loc":{"start":{"line":15,"column":32},"end":{"line":15,"column":47}},"line":15},"3":{"name":"(anonymous_3)","decl":{"start":{"line":16,"column":18},"end":{"line":16,"column":19}},"loc":{"start":{"line":16,"column":28},"end":{"line":19,"column":13}},"line":16},"4":{"name":"(anonymous_4)","decl":{"start":{"line":20,"column":19},"end":{"line":20,"column":20}},"loc":{"start":{"line":20,"column":30},"end":{"line":23,"column":13}},"line":20},"5":{"name":"(anonymous_5)","decl":{"start":{"line":26,"column":19},"end":{"line":26,"column":20}},"loc":{"start":{"line":26,"column":25},"end":{"line":26,"column":44}},"line":26},"6":{"name":"useFetch2","decl":{"start":{"line":33,"column":16},"end":{"line":33,"column":25}},"loc":{"start":{"line":33,"column":31},"end":{"line":61,"column":1}},"line":33},"7":{"name":"(anonymous_7)","decl":{"start":{"line":38,"column":14},"end":{"line":38,"column":15}},"loc":{"start":{"line":38,"column":20},"end":{"line":58,"column":5}},"line":38},"8":{"name":"fetchData","decl":{"start":{"line":44,"column":23},"end":{"line":44,"column":32}},"loc":{"start":{"line":44,"column":35},"end":{"line":55,"column":9}},"line":44}},"branchMap":{"0":{"loc":{"start":{"line":10,"column":8},"end":{"line":10,"column":24}},"type":"if","locations":[{"start":{"line":10,"column":8},"end":{"line":10,"column":24}},{"start":{},"end":{}}],"line":10},"1":{"loc":{"start":{"line":39,"column":8},"end":{"line":39,"column":24}},"type":"if","locations":[{"start":{"line":39,"column":8},"end":{"line":39,"column":24}},{"start":{},"end":{}}],"line":39}},"s":{"0":0,"1":0,"2":0,"3":0,"4":0,"5":0,"6":0,"7":0,"8":0,"9":0,"10":0,"11":0,"12":0,"13":0,"14":0,"15":0,"16":0,"17":0,"18":0,"19":0,"20":0,"21":0,"22":0,"23":0,"24":0,"25":0,"26":0,"27":0,"28":0,"29":0,"30":0},"f":{"0":0,"1":0,"2":0,"3":0,"4":0,"5":0,"6":0,"7":0,"8":0},"b":{"0":[0,0],"1":[0,0]},"_coverageSchema":"1a1c01bbd47fc00a2c39e90264f33305004495a9","hash":"f77ad07fd5e35c6d333957761f72b5228cc73664"}
}
