TN:
SF:src\index.jsx
FNF:0
FNH:0
DA:23,0
DA:24,0
DA:48,0
LF:3
LH:0
BRF:0
BRH:0
end_of_record
TN:
SF:src\components\Card\Card.jsx
FN:3,Card
FNF:1
FNH:0
FNDA:0,Card
DA:4,0
LF:1
LH:0
BRF:0
BRH:0
end_of_record
TN:
SF:src\components\Error\Error.jsx
FN:3,Error
FNF:1
FNH:0
FNDA:0,Error
DA:4,0
LF:1
LH:0
BRF:0
BRH:0
end_of_record
TN:
SF:src\components\Footer\Footer.jsx
FN:5,Footer
FN:15,(anonymous_1)
FNF:2
FNH:2
FNDA:2,Footer
FNDA:1,(anonymous_1)
DA:10,2
DA:12,2
DA:15,1
LF:3
LH:3
BRDA:15,0,0,1
BRDA:15,0,1,1
BRF:2
BRH:2
end_of_record
TN:
SF:src\components\Header\Header.jsx
FN:5,Header
FN:6,changeColor
FN:22,(anonymous_2)
FN:23,(anonymous_3)
FN:24,(anonymous_4)
FNF:5
FNH:0
FNDA:0,Header
FNDA:0,changeColor
FNDA:0,(anonymous_2)
FNDA:0,(anonymous_3)
FNDA:0,(anonymous_4)
DA:7,0
DA:9,0
DA:10,0
DA:11,0
DA:13,0
DA:18,0
DA:22,0
DA:23,0
DA:24,0
LF:9
LH:0
BRDA:10,0,0,0
BRDA:10,0,1,0
BRF:2
BRH:0
end_of_record
TN:
SF:src\pages\Freelances\Freelances.jsx
FN:6,Freelances
FN:59,(anonymous_1)
FNF:2
FNH:0
FNDA:0,Freelances
FNDA:0,(anonymous_1)
DA:7,0
DA:8,0
DA:10,0
DA:11,0
DA:46,0
DA:60,0
LF:6
LH:0
BRDA:10,0,0,0
BRDA:10,0,1,0
BRDA:53,1,0,0
BRDA:53,1,1,0
BRDA:59,2,0,0
BRDA:59,2,1,0
BRF:6
BRH:0
end_of_record
TN:
SF:src\pages\Home\Home.jsx
FN:4,Home
FNF:1
FNH:1
FNDA:1,Home
DA:5,1
LF:1
LH:1
BRF:0
BRH:0
end_of_record
TN:
SF:src\pages\Results\Results.jsx
FN:8,formatJobList
FN:16,formatFetchParams
FN:23,(anonymous_2)
FN:31,Results
FN:59,(anonymous_4)
FN:67,(anonymous_5)
FNF:6
FNH:3
FNDA:2,formatJobList
FNDA:2,formatFetchParams
FNDA:3,(anonymous_2)
FNDA:0,Results
FNDA:0,(anonymous_4)
FNDA:0,(anonymous_5)
DA:9,2
DA:10,1
DA:12,1
DA:17,2
DA:23,2
DA:24,3
DA:25,3
DA:27,3
DA:32,0
DA:33,0
DA:34,0
DA:35,0
DA:37,0
DA:38,0
DA:49,0
DA:60,0
DA:68,0
LF:17
LH:8
BRDA:9,0,0,1
BRDA:9,0,1,1
BRDA:25,1,0,2
BRDA:25,1,1,1
BRDA:37,2,0,0
BRDA:37,2,1,0
BRDA:49,3,0,0
BRDA:49,3,1,0
BRDA:59,4,0,0
BRDA:59,4,1,0
BRDA:67,5,0,0
BRDA:67,5,1,0
BRF:12
BRH:4
end_of_record
TN:
SF:src\pages\Survey\Survey.jsx
FN:8,Survey
FN:31,initSurvey
FN:36,saveReply
FN:72,(anonymous_3)
FN:78,(anonymous_4)
FNF:5
FNH:0
FNDA:0,Survey
FNDA:0,initSurvey
FNDA:0,saveReply
FNDA:0,(anonymous_3)
FNDA:0,(anonymous_4)
DA:10,0
DA:11,0
DA:13,0
DA:14,0
DA:17,0
DA:21,0
DA:24,0
DA:25,0
DA:32,0
DA:37,0
DA:47,0
DA:48,0
DA:59,0
DA:72,0
DA:78,0
LF:15
LH:0
BRDA:47,0,0,0
BRDA:47,0,1,0
BRDA:63,1,0,0
BRDA:63,1,1,0
BRDA:66,2,0,0
BRDA:66,2,1,0
BRDA:86,3,0,0
BRDA:86,3,1,0
BRDA:87,4,0,0
BRDA:87,4,1,0
BRDA:87,4,2,0
BRDA:88,5,0,0
BRDA:88,5,1,0
BRDA:88,5,2,0
BRF:14
BRH:0
end_of_record
TN:
SF:src\styles\DynamicStyle.jsx
FN:10,(anonymous_0)
FN:13,(anonymous_1)
FN:18,(anonymous_2)
FN:23,DynamicStyle
FNF:4
FNH:0
FNDA:0,(anonymous_0)
FNDA:0,(anonymous_1)
FNDA:0,(anonymous_2)
FNDA:0,DynamicStyle
DA:6,0
DA:11,0
DA:14,0
DA:19,0
DA:28,0
DA:31,0
LF:6
LH:0
BRDA:11,0,0,0
BRDA:11,0,1,0
BRDA:14,1,0,0
BRDA:14,1,1,0
BRDA:19,2,0,0
BRDA:19,2,1,0
BRF:6
BRH:0
end_of_record
TN:
SF:src\styles\button.jsx
FN:8,(anonymous_0)
FN:9,(anonymous_1)
FN:13,(anonymous_2)
FNF:3
FNH:0
FNDA:0,(anonymous_0)
FNDA:0,(anonymous_1)
FNDA:0,(anonymous_2)
DA:5,0
DA:8,0
DA:9,0
DA:13,0
LF:4
LH:0
BRDA:8,0,0,0
BRDA:8,0,1,0
BRDA:8,1,0,0
BRDA:8,1,1,0
BRDA:8,2,0,0
BRDA:8,2,1,0
BRDA:9,3,0,0
BRDA:9,3,1,0
BRDA:9,4,0,0
BRDA:9,4,1,0
BRDA:9,5,0,0
BRDA:9,5,1,0
BRDA:13,6,0,0
BRDA:13,6,1,0
BRDA:13,7,0,0
BRDA:13,7,1,0
BRDA:13,8,0,0
BRDA:13,8,1,0
BRF:18
BRH:0
end_of_record
TN:
SF:src\styles\colors.jsx
FNF:0
FNH:0
DA:5,0
LF:1
LH:0
BRF:0
BRH:0
end_of_record
TN:
SF:src\utils\context\context.jsx
FN:7,(anonymous_0)
FN:9,(anonymous_1)
FN:23,(anonymous_2)
FN:25,(anonymous_3)
FNF:4
FNH:2
FNDA:3,(anonymous_0)
FNDA:1,(anonymous_1)
FNDA:0,(anonymous_2)
FNDA:0,(anonymous_3)
DA:4,3
DA:7,3
DA:8,3
DA:9,3
DA:10,1
DA:13,3
DA:20,3
DA:23,3
DA:24,0
DA:25,0
DA:26,0
DA:27,0
DA:29,0
DA:33,0
LF:14
LH:8
BRDA:10,0,0,1
BRDA:10,0,1,0
BRDA:26,1,0,0
BRDA:26,1,1,0
BRF:4
BRH:1
end_of_record
TN:
SF:src\utils\hooks\hooks.jsx
FN:4,useFetch
FN:9,(anonymous_1)
FN:15,(anonymous_2)
FN:16,(anonymous_3)
FN:20,(anonymous_4)
FN:26,(anonymous_5)
FN:33,useFetch2
FN:38,(anonymous_7)
FN:44,fetchData
FNF:9
FNH:0
FNDA:0,useFetch
FNDA:0,(anonymous_1)
FNDA:0,(anonymous_2)
FNDA:0,(anonymous_3)
FNDA:0,(anonymous_4)
FNDA:0,(anonymous_5)
FNDA:0,useFetch2
FNDA:0,(anonymous_7)
FNDA:0,fetchData
DA:5,0
DA:6,0
DA:7,0
DA:9,0
DA:10,0
DA:12,0
DA:14,0
DA:15,0
DA:17,0
DA:21,0
DA:22,0
DA:26,0
DA:29,0
DA:34,0
DA:35,0
DA:36,0
DA:38,0
DA:39,0
DA:41,0
DA:45,0
DA:46,0
DA:47,0
DA:48,0
DA:50,0
DA:51,0
DA:53,0
DA:57,0
DA:60,0
LF:28
LH:0
BRDA:10,0,0,0
BRDA:10,0,1,0
BRDA:39,1,0,0
BRDA:39,1,1,0
BRF:4
BRH:0
end_of_record
